<?xml version="1.0" encoding="UTF-8"?>
<!-- Generated by org.testng.reporters.JUnitReportReporter -->
<testsuite hostname="LAPTOP-IVBBDUQD" failures="0" tests="1" name="com.runner.Runner" time="38.859" errors="0" timestamp="4 Aug 2021 05:50:21 GMT">
  <testcase classname="com.runner.Runner" name="feature" time="38.859"/>
</testsuite> <!-- com.runner.Runner -->
